<?xml version="1.0" encoding="UTF-8"?>
<!-- Generated by org.testng.reporters.JUnitReportReporter -->
<testsuite skipped="0" hostname="CDC2-L-7041P8G" name="tests.rest.TC010_DeleteCustomersDetails" tests="1" failures="0" timestamp="04 Sep 2019 10:32:04 GMT" time="55.559" errors="0">
  <testcase name="insertCustomersDetails" time="55.559" classname="tests.rest.TC010_DeleteCustomersDetails"/>
</testsuite> <!-- tests.rest.TC010_DeleteCustomersDetails -->
