<?xml version="1.0" encoding="UTF-8"?>
<!-- Generated by org.testng.reporters.JUnitReportReporter -->
<testsuite skipped="0" hostname="CDC2-L-7041P8G" name="tests.rest.TC001_GetCustomers" tests="1" failures="0" timestamp="25 Jul 2019 17:41:21 GMT" time="358.919" errors="0">
  <testcase name="getCustomers" time="358.919" classname="tests.rest.TC001_GetCustomers"/>
</testsuite> <!-- tests.rest.TC001_GetCustomers -->
