<?xml version="1.0" encoding="UTF-8"?>
<!-- Generated by org.testng.reporters.JUnitReportReporter -->
<testsuite skipped="0" hostname="CDC2-D-BWXPXJ2" name="tests.rest.TC001_CreateIncident" tests="1" failures="0" timestamp="26 Apr 2019 06:35:42 GMT" time="5.390" errors="0">
  <testcase name="createIncident" time="5.390" classname="tests.rest.TC001_CreateIncident"/>
</testsuite> <!-- tests.rest.TC001_CreateIncident -->
