<?xml version="1.0" encoding="UTF-8"?>
<!-- Generated by org.testng.reporters.JUnitReportReporter -->
<testsuite skipped="0" hostname="CDC2-L-7041P8G" name="tests.rest.TC004_GetCategories" tests="1" failures="0" timestamp="30 Jul 2019 02:55:36 GMT" time="0.105" errors="0">
  <testcase name="getCategories" time="0.105" classname="tests.rest.TC004_GetCategories"/>
</testsuite> <!-- tests.rest.TC004_GetCategories -->
