<?xml version="1.0" encoding="UTF-8"?>
<!-- Generated by org.testng.reporters.JUnitReportReporter -->
<testsuite skipped="0" hostname="CDC2-D-BWXPXJ2" name="tests.rest.TC003_RemoveTenant_DBValidation" tests="1" failures="0" timestamp="26 Apr 2019 07:15:11 GMT" time="37.557" errors="0">
  <testcase name="createIncident" time="37.557" classname="tests.rest.TC003_RemoveTenant_DBValidation"/>
</testsuite> <!-- tests.rest.TC003_RemoveTenant_DBValidation -->
