<?xml version="1.0" encoding="UTF-8"?>
<!-- Generated by org.testng.reporters.JUnitReportReporter -->
<testsuite skipped="0" hostname="CDC2-L-7041P8G" name="tests.rest.TC003_GetProducts" tests="1" failures="0" timestamp="30 Jul 2019 02:55:36 GMT" time="5.305" errors="0">
  <testcase name="getProducts" time="5.305" classname="tests.rest.TC003_GetProducts"/>
</testsuite> <!-- tests.rest.TC003_GetProducts -->
