<?xml version="1.0" encoding="UTF-8"?>
<!-- Generated by org.testng.reporters.JUnitReportReporter -->
<testsuite skipped="0" hostname="CDC2-L-7041P8G" name="tests.rest.TC005_DeleteOrder" tests="1" failures="0" timestamp="22 Jul 2019 19:37:20 GMT" time="1.783" errors="0">
  <testcase name="deleteOrder" time="1.783" classname="tests.rest.TC005_DeleteOrder"/>
</testsuite> <!-- tests.rest.TC005_DeleteOrder -->
