<?xml version="1.0" encoding="UTF-8"?>
<!-- Generated by org.testng.reporters.JUnitReportReporter -->
<testsuite skipped="0" hostname="CDC2-L-7041P8G" name="tests.rest.TC008_InsertCustomersDetails" tests="1" failures="0" timestamp="26 Jul 2019 17:34:37 GMT" time="0.185" errors="0">
  <testcase name="insertCustomersDetails" time="0.185" classname="tests.rest.TC008_InsertCustomersDetails"/>
</testsuite> <!-- tests.rest.TC008_InsertCustomersDetails -->
