<?xml version="1.0" encoding="UTF-8"?>
<!-- Generated by org.testng.reporters.JUnitReportReporter -->
<testsuite skipped="0" hostname="CDC2-L-7041P8G" name="tests.rest.TC007_ValidateCustomers_AfterUpdate" tests="1" failures="0" timestamp="08 Aug 2019 13:41:40 GMT" time="5.180" errors="0">
  <testcase name="getCustomers" time="5.180" classname="tests.rest.TC007_ValidateCustomers_AfterUpdate"/>
</testsuite> <!-- tests.rest.TC007_ValidateCustomers_AfterUpdate -->
