<?xml version="1.0" encoding="UTF-8"?>
<!-- Generated by org.testng.reporters.JUnitReportReporter -->
<testsuite skipped="0" hostname="CDC2-L-7041P8G" name="tests.rest.TC002_GetLogins" tests="1" failures="0" timestamp="22 Jul 2019 18:55:04 GMT" time="4.667" errors="0">
  <testcase name="createOrder" time="4.667" classname="tests.rest.TC002_GetLogins"/>
</testsuite> <!-- tests.rest.TC002_GetLogins -->
