<?xml version="1.0" encoding="UTF-8"?>
<!-- Generated by org.testng.reporters.JUnitReportReporter -->
<testsuite skipped="0" hostname="CDC2-L-7041P8G" name="tests.rest.TC003_GetProducts" tests="1" failures="0" timestamp="23 Jul 2019 18:52:27 GMT" time="4.141" errors="0">
  <testcase name="getProducts" time="4.141" classname="tests.rest.TC003_GetProducts"/>
</testsuite> <!-- tests.rest.TC003_GetProducts -->
