<?xml version="1.0" encoding="UTF-8"?>
<!-- Generated by org.testng.reporters.JUnitReportReporter -->
<testsuite hostname="DESKTOP-6EURG75" failures="0" tests="1" name="tests.rest.TestGet" time="1.492" errors="0" timestamp="04 Jun 2020 18:40:08 GMT" skipped="0">
  <testcase classname="tests.rest.TestGet" name="ge" time="1.492"/>
</testsuite> <!-- tests.rest.TestGet -->
