<?xml version="1.0" encoding="UTF-8"?>
<!-- Generated by org.testng.reporters.JUnitReportReporter -->
<testsuite skipped="0" hostname="CDC2-L-7041P8G" name="tests.rest.TC007_ValidateCustomers_AfterUpdate" tests="1" failures="0" timestamp="28 Jul 2019 17:25:14 GMT" time="5.892" errors="0">
  <testcase name="getCustomers" time="5.892" classname="tests.rest.TC007_ValidateCustomers_AfterUpdate"/>
</testsuite> <!-- tests.rest.TC007_ValidateCustomers_AfterUpdate -->
