<?xml version="1.0" encoding="UTF-8"?>
<!-- Generated by org.testng.reporters.JUnitReportReporter -->
<testsuite skipped="0" hostname="CDC2-L-7041P8G" name="tests.rest.TC004_GetCategories" tests="1" failures="0" timestamp="22 Jul 2019 19:42:56 GMT" time="6.763" errors="0">
  <testcase name="getCategories" time="6.763" classname="tests.rest.TC004_GetCategories"/>
</testsuite> <!-- tests.rest.TC004_GetCategories -->
