<?xml version="1.0" encoding="UTF-8"?>
<!-- Generated by org.testng.reporters.JUnitReportReporter -->
<testsuite skipped="0" hostname="CDC2-L-7041P8G" name="tests.rest.TC010_DeleteCustomersDetails" tests="1" failures="0" timestamp="28 Jul 2019 17:26:26 GMT" time="4.590" errors="0">
  <testcase name="insertCustomersDetails" time="4.590" classname="tests.rest.TC010_DeleteCustomersDetails"/>
</testsuite> <!-- tests.rest.TC010_DeleteCustomersDetails -->
