<?xml version="1.0" encoding="UTF-8"?>
<!-- Generated by org.testng.reporters.JUnitReportReporter -->
<testsuite skipped="0" hostname="CDC2-L-7041P8G" name="tests.rest.TC006_ValidateCustomers_AfterInsert" tests="1" failures="0" timestamp="28 Jul 2019 17:24:52 GMT" time="4.653" errors="0">
  <testcase name="getCustomers" time="4.653" classname="tests.rest.TC006_ValidateCustomers_AfterInsert"/>
</testsuite> <!-- tests.rest.TC006_ValidateCustomers_AfterInsert -->
