<?xml version="1.0" encoding="UTF-8"?>
<!-- Generated by org.testng.reporters.JUnitReportReporter -->
<testsuite skipped="0" hostname="CDC2-L-7041P8G" name="tests.rest.TC009_UpdateCustomersDetails" tests="1" failures="0" timestamp="28 Jul 2019 17:26:00 GMT" time="4.186" errors="0">
  <testcase name="updateCustomersDetails" time="4.186" classname="tests.rest.TC009_UpdateCustomersDetails"/>
</testsuite> <!-- tests.rest.TC009_UpdateCustomersDetails -->
