<?xml version="1.0" encoding="UTF-8"?>
<!-- Generated by org.testng.reporters.JUnitReportReporter -->
<testsuite skipped="0" hostname="CDC2-L-7041P8G" name="tests.rest.TC001_GetCustomers" tests="1" failures="0" timestamp="04 Sep 2019 10:23:45 GMT" time="6.686" errors="0">
  <testcase name="getCustomers" time="6.686" classname="tests.rest.TC001_GetCustomers"/>
</testsuite> <!-- tests.rest.TC001_GetCustomers -->
