<?xml version="1.0" encoding="UTF-8"?>
<!-- Generated by org.testng.reporters.JUnitReportReporter -->
<testsuite skipped="0" hostname="CDC2-D-BWXPXJ2" name="tests.rest.TC001_RemoveTenant_DBValidation" tests="1" failures="0" timestamp="26 Apr 2019 06:49:24 GMT" time="7.152" errors="0">
  <testcase name="createIncident" time="7.152" classname="tests.rest.TC001_RemoveTenant_DBValidation"/>
</testsuite> <!-- tests.rest.TC001_RemoveTenant_DBValidation -->
