<?xml version="1.0" encoding="UTF-8"?>
<!-- Generated by org.testng.reporters.JUnitReportReporter -->
<testsuite skipped="0" hostname="CDC2-L-7041P8G" name="tests.rest.TC001_GetCustomers" tests="1" failures="0" timestamp="27 Jul 2019 11:23:46 GMT" time="4.626" errors="0">
  <testcase name="getCustomers" time="4.626" classname="tests.rest.TC001_GetCustomers"/>
</testsuite> <!-- tests.rest.TC001_GetCustomers -->
