<?xml version="1.0" encoding="UTF-8"?>
<!-- Generated by org.testng.reporters.JUnitReportReporter -->
<testsuite skipped="0" hostname="CDC2-L-7041P8G" name="tests.rest.TC007_ValidateCustomers_AfterUpdate" tests="1" failures="0" timestamp="24 Jul 2019 14:29:24 GMT" time="0.218" errors="0">
  <testcase name="getCustomers" time="0.218" classname="tests.rest.TC007_ValidateCustomers_AfterUpdate"/>
</testsuite> <!-- tests.rest.TC007_ValidateCustomers_AfterUpdate -->
