<?xml version="1.0" encoding="UTF-8"?>
<!-- Generated by org.testng.reporters.JUnitReportReporter -->
<testsuite skipped="0" hostname="CDC2-L-7041P8G" name="tests.rest.TC008_InsertCustomersDetails" tests="1" failures="0" timestamp="08 Aug 2019 13:49:21 GMT" time="5.018" errors="0">
  <testcase name="insertCustomersDetails" time="5.018" classname="tests.rest.TC008_InsertCustomersDetails"/>
</testsuite> <!-- tests.rest.TC008_InsertCustomersDetails -->
