<?xml version="1.0" encoding="UTF-8"?>
<!-- Generated by org.testng.reporters.JUnitReportReporter -->
<testsuite skipped="0" hostname="CDC2-L-7041P8G" name="tests.rest.TC001_CreateOrder" tests="1" failures="0" timestamp="22 Jul 2019 18:00:14 GMT" time="72.800" errors="0">
  <testcase name="createOrder" time="72.800" classname="tests.rest.TC001_CreateOrder"/>
</testsuite> <!-- tests.rest.TC001_CreateOrder -->
